d:\downloads\dijkstraalg-master\dijkstraalg-master\consoleapplication1\debug\dijkstraalg.pch
d:\downloads\dijkstraalg-master\dijkstraalg-master\consoleapplication1\debug\vc141.pdb
d:\downloads\dijkstraalg-master\dijkstraalg-master\consoleapplication1\debug\vc141.idb
d:\downloads\dijkstraalg-master\dijkstraalg-master\consoleapplication1\debug\pch.obj
d:\downloads\dijkstraalg-master\dijkstraalg-master\consoleapplication1\debug\fileio.obj
d:\downloads\dijkstraalg-master\dijkstraalg-master\consoleapplication1\debug\driver.obj
c:\users\divine\source\repos\consoleapplication1\debug\dijkstraalg.ilk
c:\users\divine\source\repos\consoleapplication1\debug\dijkstraalg.exe
c:\users\divine\source\repos\consoleapplication1\debug\dijkstraalg.pdb
d:\downloads\dijkstraalg-master\dijkstraalg-master\debug\dijkstraalg.ilk
d:\downloads\dijkstraalg-master\dijkstraalg-master\debug\dijkstraalg.exe
d:\downloads\dijkstraalg-master\dijkstraalg-master\debug\dijkstraalg.pdb
d:\downloads\dijkstraalg-master\dijkstraalg-master\consoleapplication1\debug\consoleapplication1.obj
d:\downloads\dijkstraalg-master\dijkstraalg-master\consoleapplication1\debug\consoleapplication1.pch
d:\downloads\dijkstraalg-master\dijkstraalg-master\consoleapplication1\debug\dijkstraalg.tlog\cl.command.1.tlog
d:\downloads\dijkstraalg-master\dijkstraalg-master\consoleapplication1\debug\dijkstraalg.tlog\cl.read.1.tlog
d:\downloads\dijkstraalg-master\dijkstraalg-master\consoleapplication1\debug\dijkstraalg.tlog\cl.write.1.tlog
d:\downloads\dijkstraalg-master\dijkstraalg-master\consoleapplication1\debug\dijkstraalg.tlog\link.command.1.tlog
d:\downloads\dijkstraalg-master\dijkstraalg-master\consoleapplication1\debug\dijkstraalg.tlog\link.read.1.tlog
d:\downloads\dijkstraalg-master\dijkstraalg-master\consoleapplication1\debug\dijkstraalg.tlog\link.write.1.tlog
